{
  "RSpec": {
    "coverage": {
      "/Users/gunnarrunkle/self_projects/beyond_finance/deposits_exercise/app/controllers/api/v1/tradelines_controller.rb": {
        "lines": [
          1,
          1,
          1,
          1,
          null,
          1,
          1,
          null,
          null,
          1,
          1,
          null,
          null,
          1,
          null,
          1,
          1,
          null,
          null,
          1,
          1,
          null,
          null,
          1,
          2,
          null,
          null
        ]
      },
      "/Users/gunnarrunkle/self_projects/beyond_finance/deposits_exercise/app/controllers/application_controller.rb": {
        "lines": [
          1,
          null
        ]
      },
      "/Users/gunnarrunkle/self_projects/beyond_finance/deposits_exercise/app/models/tradeline.rb": {
        "lines": [
          1,
          1,
          null,
          1,
          1,
          null,
          1,
          0,
          0,
          null,
          null
        ]
      },
      "/Users/gunnarrunkle/self_projects/beyond_finance/deposits_exercise/app/models/application_record.rb": {
        "lines": [
          1,
          1,
          null
        ]
      },
      "/Users/gunnarrunkle/self_projects/beyond_finance/deposits_exercise/app/models/deposit.rb": {
        "lines": [
          1,
          1,
          null,
          1,
          1,
          null,
          1,
          0,
          null,
          null
        ]
      }
    },
    "timestamp": 1711578578
  }
}
